<?xml version="1.0" encoding="UTF-8"?>
<!-- Generated by org.testng.reporters.JUnitReportReporter -->
<testsuite skipped="0" hostname="PC338158" name="com.demos1.Seetestparalle" tests="2" failures="0" timestamp="01 Nov 2018 07:47:15 GMT" time="131.301" errors="0">
  <testcase name="paralle" time="63.821" classname="com.demos1.Seetestparalle"/>
  <testcase name="paralle" time="67.480" classname="com.demos1.Seetestparalle"/>
</testsuite> <!-- com.demos1.Seetestparalle -->
